<?xml version="1.0" encoding="utf-8"?><testsuites><testsuite name="pytest" errors="0" failures="0" skipped="0" tests="8" time="55.712" timestamp="2024-08-06T10:54:01.636604+05:30" hostname="Dinesh"><testcase classname="test.test_fitpeo_page.TestFitPeo" name="test_check_url" time="4.771" /><testcase classname="test.test_fitpeo_page.TestFitPeo" name="test_go_to_revenue_page" time="1.063" /><testcase classname="test.test_fitpeo_page.TestFitPeo" name="test_scroll_till_slider_section" time="0.183" /><testcase classname="test.test_fitpeo_page.TestFitPeo" name="test_adjust_slider" time="28.190" /><testcase classname="test.test_fitpeo_page.TestFitPeo" name="test_update_the_text_field" time="0.333" /><testcase classname="test.test_fitpeo_page.TestFitPeo" name="test_validate_slider_value" time="0.013" /><testcase classname="test.test_fitpeo_page.TestFitPeo" name="test_select_cpt_codes" time="0.331" /><testcase classname="test.test_fitpeo_page.TestFitPeo" name="test_validate_recurring_reimbursement" time="20.780" /></testsuite></testsuites>